2024-03-26T05:53:40+00:00 INFO Trying to create one_cc_address_sync_cron
2024-03-26T05:53:40+00:00 INFO Failed to create one_cc_address_sync_cron as invalid one cc merchant
2024-03-26T05:53:40+00:00 INFO Attempting to delete one_cc_address_sync_cron, status: cancelled, message: invalid_1cc_merchant
2024-03-26T05:53:40+00:00 INFO Deleted one_cc_address_sync_cron  if exists
2024-03-26T05:53:40+00:00 INFO updateAddressSyncCronData: status=cancelled, message=invalid_1cc_merchant, cronStatus=deleted
2024-03-26T05:53:40+00:00 INFO create one_cc_plugin_sync_cron successful
2024-03-26T05:54:47+00:00 INFO Trying to create one_cc_address_sync_cron
2024-03-26T05:54:47+00:00 INFO Failed to create one_cc_address_sync_cron as invalid one cc merchant
2024-03-26T05:54:47+00:00 INFO Attempting to delete one_cc_address_sync_cron, status: cancelled, message: invalid_1cc_merchant
2024-03-26T05:54:47+00:00 INFO Deleted one_cc_address_sync_cron  if exists
2024-03-26T05:54:47+00:00 INFO updateAddressSyncCronData: status=cancelled, message=invalid_1cc_merchant, cronStatus=deleted
2024-03-26T05:54:47+00:00 INFO create one_cc_plugin_sync_cron successful
2024-03-26T05:59:16+00:00 INFO Trying to create one_cc_address_sync_cron
2024-03-26T05:59:16+00:00 INFO Failed to create one_cc_address_sync_cron as invalid one cc merchant
2024-03-26T05:59:16+00:00 INFO Attempting to delete one_cc_address_sync_cron, status: cancelled, message: invalid_1cc_merchant
2024-03-26T05:59:16+00:00 INFO Deleted one_cc_address_sync_cron  if exists
2024-03-26T05:59:16+00:00 INFO updateAddressSyncCronData: status=cancelled, message=invalid_1cc_merchant, cronStatus=deleted
2024-03-26T05:59:16+00:00 INFO create one_cc_plugin_sync_cron successful
2024-03-26T05:59:29+00:00 INFO Trying to create one_cc_address_sync_cron
2024-03-26T05:59:29+00:00 INFO Failed to create one_cc_address_sync_cron as invalid one cc merchant
2024-03-26T05:59:29+00:00 INFO Attempting to delete one_cc_address_sync_cron, status: cancelled, message: invalid_1cc_merchant
2024-03-26T05:59:29+00:00 INFO Deleted one_cc_address_sync_cron  if exists
2024-03-26T05:59:29+00:00 INFO updateAddressSyncCronData: status=cancelled, message=invalid_1cc_merchant, cronStatus=deleted
2024-03-26T05:59:29+00:00 INFO create one_cc_plugin_sync_cron successful
2024-03-26T06:03:10+00:00 INFO Trying to create one_cc_address_sync_cron
2024-03-26T06:03:10+00:00 INFO Failed to create one_cc_address_sync_cron as invalid one cc merchant
2024-03-26T06:03:10+00:00 INFO Attempting to delete one_cc_address_sync_cron, status: cancelled, message: invalid_1cc_merchant
2024-03-26T06:03:10+00:00 INFO Deleted one_cc_address_sync_cron  if exists
2024-03-26T06:03:10+00:00 INFO updateAddressSyncCronData: status=cancelled, message=invalid_1cc_merchant, cronStatus=deleted
2024-03-26T06:03:10+00:00 INFO create one_cc_plugin_sync_cron successful
2024-03-26T06:03:50+00:00 INFO Trying to create one_cc_address_sync_cron
2024-03-26T06:03:50+00:00 INFO Failed to create one_cc_address_sync_cron as invalid one cc merchant
2024-03-26T06:03:50+00:00 INFO Attempting to delete one_cc_address_sync_cron, status: cancelled, message: invalid_1cc_merchant
2024-03-26T06:03:50+00:00 INFO Deleted one_cc_address_sync_cron  if exists
2024-03-26T06:03:50+00:00 INFO updateAddressSyncCronData: status=cancelled, message=invalid_1cc_merchant, cronStatus=deleted
2024-03-26T06:03:50+00:00 INFO create one_cc_plugin_sync_cron successful
2024-03-26T06:04:18+00:00 INFO Trying to create one_cc_address_sync_cron
2024-03-26T06:04:18+00:00 INFO Failed to create one_cc_address_sync_cron as invalid one cc merchant
2024-03-26T06:04:18+00:00 INFO Attempting to delete one_cc_address_sync_cron, status: cancelled, message: invalid_1cc_merchant
2024-03-26T06:04:18+00:00 INFO Deleted one_cc_address_sync_cron  if exists
2024-03-26T06:04:18+00:00 INFO updateAddressSyncCronData: status=cancelled, message=invalid_1cc_merchant, cronStatus=deleted
2024-03-26T06:04:18+00:00 INFO create one_cc_plugin_sync_cron successful
2024-03-26T06:05:00+00:00 INFO Trying to create one_cc_address_sync_cron
2024-03-26T06:05:00+00:00 INFO Failed to create one_cc_address_sync_cron as invalid one cc merchant
2024-03-26T06:05:00+00:00 INFO Attempting to delete one_cc_address_sync_cron, status: cancelled, message: invalid_1cc_merchant
2024-03-26T06:05:00+00:00 INFO Deleted one_cc_address_sync_cron  if exists
2024-03-26T06:05:00+00:00 INFO updateAddressSyncCronData: status=cancelled, message=invalid_1cc_merchant, cronStatus=deleted
2024-03-26T06:05:00+00:00 INFO create one_cc_plugin_sync_cron successful
2024-03-26T06:05:48+00:00 INFO Trying to create one_cc_address_sync_cron
2024-03-26T06:05:48+00:00 INFO Failed to create one_cc_address_sync_cron as invalid one cc merchant
2024-03-26T06:05:48+00:00 INFO Attempting to delete one_cc_address_sync_cron, status: cancelled, message: invalid_1cc_merchant
2024-03-26T06:05:48+00:00 INFO Deleted one_cc_address_sync_cron  if exists
2024-03-26T06:05:48+00:00 INFO updateAddressSyncCronData: status=cancelled, message=invalid_1cc_merchant, cronStatus=deleted
2024-03-26T06:05:48+00:00 INFO create one_cc_plugin_sync_cron successful
2024-03-26T06:06:27+00:00 INFO Trying to create one_cc_address_sync_cron
2024-03-26T06:06:27+00:00 INFO Failed to create one_cc_address_sync_cron as invalid one cc merchant
2024-03-26T06:06:27+00:00 INFO Attempting to delete one_cc_address_sync_cron, status: cancelled, message: invalid_1cc_merchant
2024-03-26T06:06:27+00:00 INFO Deleted one_cc_address_sync_cron  if exists
2024-03-26T06:06:27+00:00 INFO updateAddressSyncCronData: status=cancelled, message=invalid_1cc_merchant, cronStatus=deleted
2024-03-26T06:06:27+00:00 INFO create one_cc_plugin_sync_cron successful
2024-03-26T06:07:28+00:00 INFO Trying to create one_cc_address_sync_cron
2024-03-26T06:07:28+00:00 INFO Failed to create one_cc_address_sync_cron as invalid one cc merchant
2024-03-26T06:07:28+00:00 INFO Attempting to delete one_cc_address_sync_cron, status: cancelled, message: invalid_1cc_merchant
2024-03-26T06:07:28+00:00 INFO Deleted one_cc_address_sync_cron  if exists
2024-03-26T06:07:28+00:00 INFO updateAddressSyncCronData: status=cancelled, message=invalid_1cc_merchant, cronStatus=deleted
2024-03-26T06:07:28+00:00 INFO create one_cc_plugin_sync_cron successful
2024-03-26T06:08:58+00:00 INFO Trying to create one_cc_address_sync_cron
2024-03-26T06:08:58+00:00 INFO Failed to create one_cc_address_sync_cron as invalid one cc merchant
2024-03-26T06:08:58+00:00 INFO Attempting to delete one_cc_address_sync_cron, status: cancelled, message: invalid_1cc_merchant
2024-03-26T06:08:58+00:00 INFO Deleted one_cc_address_sync_cron  if exists
2024-03-26T06:08:58+00:00 INFO updateAddressSyncCronData: status=cancelled, message=invalid_1cc_merchant, cronStatus=deleted
2024-03-26T06:08:58+00:00 INFO create one_cc_plugin_sync_cron successful
2024-03-26T06:09:37+00:00 INFO Trying to create one_cc_address_sync_cron
2024-03-26T06:09:37+00:00 INFO Failed to create one_cc_address_sync_cron as invalid one cc merchant
2024-03-26T06:09:37+00:00 INFO Attempting to delete one_cc_address_sync_cron, status: cancelled, message: invalid_1cc_merchant
2024-03-26T06:09:37+00:00 INFO Deleted one_cc_address_sync_cron  if exists
2024-03-26T06:09:37+00:00 INFO updateAddressSyncCronData: status=cancelled, message=invalid_1cc_merchant, cronStatus=deleted
2024-03-26T06:09:37+00:00 INFO create one_cc_plugin_sync_cron successful
2024-03-26T06:13:14+00:00 INFO Trying to create one_cc_address_sync_cron
2024-03-26T06:13:14+00:00 INFO Failed to create one_cc_address_sync_cron as invalid one cc merchant
2024-03-26T06:13:14+00:00 INFO Attempting to delete one_cc_address_sync_cron, status: cancelled, message: invalid_1cc_merchant
2024-03-26T06:13:14+00:00 INFO Deleted one_cc_address_sync_cron  if exists
2024-03-26T06:13:14+00:00 INFO updateAddressSyncCronData: status=cancelled, message=invalid_1cc_merchant, cronStatus=deleted
2024-03-26T06:13:14+00:00 INFO create one_cc_plugin_sync_cron successful
2024-03-26T06:14:01+00:00 INFO Trying to create one_cc_address_sync_cron
2024-03-26T06:14:01+00:00 INFO Failed to create one_cc_address_sync_cron as invalid one cc merchant
2024-03-26T06:14:01+00:00 INFO Attempting to delete one_cc_address_sync_cron, status: cancelled, message: invalid_1cc_merchant
2024-03-26T06:14:01+00:00 INFO Deleted one_cc_address_sync_cron  if exists
2024-03-26T06:14:01+00:00 INFO updateAddressSyncCronData: status=cancelled, message=invalid_1cc_merchant, cronStatus=deleted
2024-03-26T06:14:01+00:00 INFO create one_cc_plugin_sync_cron successful
2024-03-26T06:14:33+00:00 INFO Trying to create one_cc_address_sync_cron
2024-03-26T06:14:33+00:00 INFO Failed to create one_cc_address_sync_cron as invalid one cc merchant
2024-03-26T06:14:33+00:00 INFO Attempting to delete one_cc_address_sync_cron, status: cancelled, message: invalid_1cc_merchant
2024-03-26T06:14:33+00:00 INFO Deleted one_cc_address_sync_cron  if exists
2024-03-26T06:14:33+00:00 INFO updateAddressSyncCronData: status=cancelled, message=invalid_1cc_merchant, cronStatus=deleted
2024-03-26T06:14:33+00:00 INFO create one_cc_plugin_sync_cron successful
2024-03-26T06:15:02+00:00 INFO Trying to create one_cc_address_sync_cron
2024-03-26T06:15:02+00:00 INFO Failed to create one_cc_address_sync_cron as invalid one cc merchant
2024-03-26T06:15:02+00:00 INFO Attempting to delete one_cc_address_sync_cron, status: cancelled, message: invalid_1cc_merchant
2024-03-26T06:15:02+00:00 INFO Deleted one_cc_address_sync_cron  if exists
2024-03-26T06:15:02+00:00 INFO updateAddressSyncCronData: status=cancelled, message=invalid_1cc_merchant, cronStatus=deleted
2024-03-26T06:15:02+00:00 INFO create one_cc_plugin_sync_cron successful
2024-03-26T16:55:34+00:00 INFO Trying to create one_cc_address_sync_cron
2024-03-26T16:55:34+00:00 INFO Failed to create one_cc_address_sync_cron as invalid one cc merchant
2024-03-26T16:55:34+00:00 INFO Attempting to delete one_cc_address_sync_cron, status: cancelled, message: invalid_1cc_merchant
2024-03-26T16:55:34+00:00 INFO Deleted one_cc_address_sync_cron  if exists
2024-03-26T16:55:34+00:00 INFO updateAddressSyncCronData: status=cancelled, message=invalid_1cc_merchant, cronStatus=deleted
2024-03-26T16:55:34+00:00 INFO create one_cc_plugin_sync_cron successful
