2024-03-18T05:43:34+00:00 INFO Trying to create one_cc_address_sync_cron
2024-03-18T05:43:34+00:00 INFO Failed to create one_cc_address_sync_cron as invalid one cc merchant
2024-03-18T05:43:34+00:00 INFO Attempting to delete one_cc_address_sync_cron, status: cancelled, message: invalid_1cc_merchant
2024-03-18T05:43:34+00:00 INFO Deleted one_cc_address_sync_cron  if exists
2024-03-18T05:43:34+00:00 INFO updateAddressSyncCronData: status=cancelled, message=invalid_1cc_merchant, cronStatus=deleted
2024-03-18T05:43:34+00:00 INFO create one_cc_plugin_sync_cron successful
2024-03-18T05:57:44+00:00 INFO Trying to create one_cc_address_sync_cron
2024-03-18T05:57:44+00:00 INFO Failed to create one_cc_address_sync_cron as invalid one cc merchant
2024-03-18T05:57:44+00:00 INFO Attempting to delete one_cc_address_sync_cron, status: cancelled, message: invalid_1cc_merchant
2024-03-18T05:57:44+00:00 INFO Deleted one_cc_address_sync_cron  if exists
2024-03-18T05:57:44+00:00 INFO updateAddressSyncCronData: status=cancelled, message=invalid_1cc_merchant, cronStatus=deleted
2024-03-18T05:57:44+00:00 INFO create one_cc_plugin_sync_cron successful
2024-03-18T05:58:30+00:00 INFO Trying to create one_cc_address_sync_cron
2024-03-18T05:58:30+00:00 INFO Failed to create one_cc_address_sync_cron as invalid one cc merchant
2024-03-18T05:58:30+00:00 INFO Attempting to delete one_cc_address_sync_cron, status: cancelled, message: invalid_1cc_merchant
2024-03-18T05:58:30+00:00 INFO Deleted one_cc_address_sync_cron  if exists
2024-03-18T05:58:30+00:00 INFO updateAddressSyncCronData: status=cancelled, message=invalid_1cc_merchant, cronStatus=deleted
2024-03-18T05:58:30+00:00 INFO create one_cc_plugin_sync_cron successful
2024-03-18T05:59:31+00:00 INFO Trying to create one_cc_address_sync_cron
2024-03-18T05:59:31+00:00 INFO Failed to create one_cc_address_sync_cron as invalid one cc merchant
2024-03-18T05:59:31+00:00 INFO Attempting to delete one_cc_address_sync_cron, status: cancelled, message: invalid_1cc_merchant
2024-03-18T05:59:31+00:00 INFO Deleted one_cc_address_sync_cron  if exists
2024-03-18T05:59:31+00:00 INFO updateAddressSyncCronData: status=cancelled, message=invalid_1cc_merchant, cronStatus=deleted
2024-03-18T05:59:31+00:00 INFO create one_cc_plugin_sync_cron successful
2024-03-18T06:00:22+00:00 INFO Trying to create one_cc_address_sync_cron
2024-03-18T06:00:22+00:00 INFO Failed to create one_cc_address_sync_cron as invalid one cc merchant
2024-03-18T06:00:22+00:00 INFO Attempting to delete one_cc_address_sync_cron, status: cancelled, message: invalid_1cc_merchant
2024-03-18T06:00:22+00:00 INFO Deleted one_cc_address_sync_cron  if exists
2024-03-18T06:00:22+00:00 INFO updateAddressSyncCronData: status=cancelled, message=invalid_1cc_merchant, cronStatus=deleted
2024-03-18T06:00:22+00:00 INFO create one_cc_plugin_sync_cron successful
2024-03-18T06:01:26+00:00 INFO Trying to create one_cc_address_sync_cron
2024-03-18T06:01:26+00:00 INFO Failed to create one_cc_address_sync_cron as invalid one cc merchant
2024-03-18T06:01:26+00:00 INFO Attempting to delete one_cc_address_sync_cron, status: cancelled, message: invalid_1cc_merchant
2024-03-18T06:01:26+00:00 INFO Deleted one_cc_address_sync_cron  if exists
2024-03-18T06:01:26+00:00 INFO updateAddressSyncCronData: status=cancelled, message=invalid_1cc_merchant, cronStatus=deleted
2024-03-18T06:01:26+00:00 INFO create one_cc_plugin_sync_cron successful
2024-03-18T06:02:05+00:00 INFO Trying to create one_cc_address_sync_cron
2024-03-18T06:02:05+00:00 INFO Failed to create one_cc_address_sync_cron as invalid one cc merchant
2024-03-18T06:02:05+00:00 INFO Attempting to delete one_cc_address_sync_cron, status: cancelled, message: invalid_1cc_merchant
2024-03-18T06:02:05+00:00 INFO Deleted one_cc_address_sync_cron  if exists
2024-03-18T06:02:05+00:00 INFO updateAddressSyncCronData: status=cancelled, message=invalid_1cc_merchant, cronStatus=deleted
2024-03-18T06:02:05+00:00 INFO create one_cc_plugin_sync_cron successful
2024-03-18T06:02:44+00:00 INFO Trying to create one_cc_address_sync_cron
2024-03-18T06:02:44+00:00 INFO Failed to create one_cc_address_sync_cron as invalid one cc merchant
2024-03-18T06:02:44+00:00 INFO Attempting to delete one_cc_address_sync_cron, status: cancelled, message: invalid_1cc_merchant
2024-03-18T06:02:44+00:00 INFO Deleted one_cc_address_sync_cron  if exists
2024-03-18T06:02:44+00:00 INFO updateAddressSyncCronData: status=cancelled, message=invalid_1cc_merchant, cronStatus=deleted
2024-03-18T06:02:44+00:00 INFO create one_cc_plugin_sync_cron successful
