2024-03-11T05:01:43+00:00 INFO Trying to create one_cc_address_sync_cron
2024-03-11T05:01:43+00:00 INFO Failed to create one_cc_address_sync_cron as invalid one cc merchant
2024-03-11T05:01:43+00:00 INFO Attempting to delete one_cc_address_sync_cron, status: cancelled, message: invalid_1cc_merchant
2024-03-11T05:01:43+00:00 INFO Deleted one_cc_address_sync_cron  if exists
2024-03-11T05:01:43+00:00 INFO updateAddressSyncCronData: status=cancelled, message=invalid_1cc_merchant, cronStatus=deleted
2024-03-11T05:01:43+00:00 INFO create one_cc_plugin_sync_cron successful
2024-03-11T05:01:56+00:00 INFO Trying to create one_cc_address_sync_cron
2024-03-11T05:01:56+00:00 INFO Failed to create one_cc_address_sync_cron as invalid one cc merchant
2024-03-11T05:01:56+00:00 INFO Attempting to delete one_cc_address_sync_cron, status: cancelled, message: invalid_1cc_merchant
2024-03-11T05:01:56+00:00 INFO Deleted one_cc_address_sync_cron  if exists
2024-03-11T05:01:56+00:00 INFO updateAddressSyncCronData: status=cancelled, message=invalid_1cc_merchant, cronStatus=deleted
2024-03-11T05:01:56+00:00 INFO create one_cc_plugin_sync_cron successful
2024-03-11T05:08:32+00:00 INFO Trying to create one_cc_address_sync_cron
2024-03-11T05:08:32+00:00 INFO Failed to create one_cc_address_sync_cron as invalid one cc merchant
2024-03-11T05:08:32+00:00 INFO Attempting to delete one_cc_address_sync_cron, status: cancelled, message: invalid_1cc_merchant
2024-03-11T05:08:32+00:00 INFO Deleted one_cc_address_sync_cron  if exists
2024-03-11T05:08:32+00:00 INFO updateAddressSyncCronData: status=cancelled, message=invalid_1cc_merchant, cronStatus=deleted
2024-03-11T05:08:32+00:00 INFO create one_cc_plugin_sync_cron successful
2024-03-11T05:09:11+00:00 INFO Trying to create one_cc_address_sync_cron
2024-03-11T05:09:11+00:00 INFO Failed to create one_cc_address_sync_cron as invalid one cc merchant
2024-03-11T05:09:11+00:00 INFO Attempting to delete one_cc_address_sync_cron, status: cancelled, message: invalid_1cc_merchant
2024-03-11T05:09:11+00:00 INFO Deleted one_cc_address_sync_cron  if exists
2024-03-11T05:09:11+00:00 INFO updateAddressSyncCronData: status=cancelled, message=invalid_1cc_merchant, cronStatus=deleted
2024-03-11T05:09:11+00:00 INFO create one_cc_plugin_sync_cron successful
2024-03-11T05:09:49+00:00 INFO Trying to create one_cc_address_sync_cron
2024-03-11T05:09:49+00:00 INFO Failed to create one_cc_address_sync_cron as invalid one cc merchant
2024-03-11T05:09:49+00:00 INFO Attempting to delete one_cc_address_sync_cron, status: cancelled, message: invalid_1cc_merchant
2024-03-11T05:09:49+00:00 INFO Deleted one_cc_address_sync_cron  if exists
2024-03-11T05:09:49+00:00 INFO updateAddressSyncCronData: status=cancelled, message=invalid_1cc_merchant, cronStatus=deleted
2024-03-11T05:09:49+00:00 INFO create one_cc_plugin_sync_cron successful
2024-03-11T05:10:26+00:00 INFO Trying to create one_cc_address_sync_cron
2024-03-11T05:10:26+00:00 INFO Failed to create one_cc_address_sync_cron as invalid one cc merchant
2024-03-11T05:10:26+00:00 INFO Attempting to delete one_cc_address_sync_cron, status: cancelled, message: invalid_1cc_merchant
2024-03-11T05:10:26+00:00 INFO Deleted one_cc_address_sync_cron  if exists
2024-03-11T05:10:26+00:00 INFO updateAddressSyncCronData: status=cancelled, message=invalid_1cc_merchant, cronStatus=deleted
2024-03-11T05:10:26+00:00 INFO create one_cc_plugin_sync_cron successful
2024-03-11T05:11:05+00:00 INFO Trying to create one_cc_address_sync_cron
2024-03-11T05:11:05+00:00 INFO Failed to create one_cc_address_sync_cron as invalid one cc merchant
2024-03-11T05:11:05+00:00 INFO Attempting to delete one_cc_address_sync_cron, status: cancelled, message: invalid_1cc_merchant
2024-03-11T05:11:05+00:00 INFO Deleted one_cc_address_sync_cron  if exists
2024-03-11T05:11:05+00:00 INFO updateAddressSyncCronData: status=cancelled, message=invalid_1cc_merchant, cronStatus=deleted
2024-03-11T05:11:05+00:00 INFO create one_cc_plugin_sync_cron successful
2024-03-11T05:11:58+00:00 INFO Trying to create one_cc_address_sync_cron
2024-03-11T05:11:58+00:00 INFO Failed to create one_cc_address_sync_cron as invalid one cc merchant
2024-03-11T05:11:58+00:00 INFO Attempting to delete one_cc_address_sync_cron, status: cancelled, message: invalid_1cc_merchant
2024-03-11T05:11:58+00:00 INFO Deleted one_cc_address_sync_cron  if exists
2024-03-11T05:11:58+00:00 INFO updateAddressSyncCronData: status=cancelled, message=invalid_1cc_merchant, cronStatus=deleted
2024-03-11T05:11:58+00:00 INFO create one_cc_plugin_sync_cron successful
